2026-04-07 15:04:16.836 [main] INFO  d.n.notebook.NotebookApplication - Starting NotebookApplication using Java 26.0.2 with PID 8788 (/home/bazelin/projects/sem4/pnaiva/notebook/target/classes started by bazelin in /home/bazelin/projects/sem4/pnaiva/notebook)
2026-04-07 15:04:16.839 [main] DEBUG d.n.notebook.NotebookApplication - Running with Spring Boot v4.0.3, Spring v7.0.5
2026-04-07 15:04:16.839 [main] INFO  d.n.notebook.NotebookApplication - No active profile set, falling back to 1 default profile: "default"
2026-04-07 15:04:17.439 [main] INFO  o.s.d.r.c.RepositoryConfigurationDelegate - Bootstrapping Spring Data JPA repositories in DEFAULT mode.
2026-04-07 15:04:17.494 [main] INFO  o.s.d.r.c.RepositoryConfigurationDelegate - Finished Spring Data repository scanning in 45 ms. Found 5 JPA repository interfaces.
2026-04-07 15:04:17.790 [main] INFO  o.s.boot.tomcat.TomcatWebServer - Tomcat initialized with port 8080 (http)
2026-04-07 15:04:17.796 [main] INFO  o.a.coyote.http11.Http11NioProtocol - Initializing ProtocolHandler ["http-nio-8080"]
2026-04-07 15:04:17.797 [main] INFO  o.a.catalina.core.StandardService - Starting service [Tomcat]
2026-04-07 15:04:17.797 [main] INFO  o.a.catalina.core.StandardEngine - Starting Servlet engine: [Apache Tomcat/11.0.18]
2026-04-07 15:04:17.809 [main] INFO  d.n.notebook.NotebookApplication - Starting NotebookApplication using Java 26.0.2 with PID 8888 (/home/bazelin/projects/sem4/pnaiva/notebook/target/classes started by bazelin in /home/bazelin/projects/sem4/pnaiva/notebook)
2026-04-07 15:04:17.810 [main] DEBUG d.n.notebook.NotebookApplication - Running with Spring Boot v4.0.3, Spring v7.0.5
2026-04-07 15:04:17.810 [main] INFO  d.n.notebook.NotebookApplication - No active profile set, falling back to 1 default profile: "default"
2026-04-07 15:04:17.817 [main] INFO  o.s.b.w.c.s.WebApplicationContextInitializer - Root WebApplicationContext: initialization completed in 938 ms
2026-04-07 15:04:18.139 [main] INFO  o.s.d.r.c.RepositoryConfigurationDelegate - Bootstrapping Spring Data JPA repositories in DEFAULT mode.
2026-04-07 15:04:18.169 [main] INFO  o.s.d.r.c.RepositoryConfigurationDelegate - Finished Spring Data repository scanning in 25 ms. Found 5 JPA repository interfaces.
2026-04-07 15:04:18.209 [main] INFO  o.s.o.j.p.SpringPersistenceUnitInfo - No LoadTimeWeaver setup: ignoring JPA class transformer
2026-04-07 15:04:18.232 [main] INFO  com.zaxxer.hikari.HikariDataSource - HikariPool-1 - Starting...
2026-04-07 15:04:18.280 [main] INFO  com.zaxxer.hikari.pool.HikariPool - HikariPool-1 - Added connection org.postgresql.jdbc.PgConnection@360a3106
2026-04-07 15:04:18.280 [main] INFO  com.zaxxer.hikari.HikariDataSource - HikariPool-1 - Start completed.
2026-04-07 15:04:18.386 [main] INFO  o.s.boot.tomcat.TomcatWebServer - Tomcat initialized with port 8080 (http)
2026-04-07 15:04:18.393 [main] INFO  o.a.coyote.http11.Http11NioProtocol - Initializing ProtocolHandler ["http-nio-8080"]
2026-04-07 15:04:18.394 [main] INFO  o.a.catalina.core.StandardService - Starting service [Tomcat]
2026-04-07 15:04:18.394 [main] INFO  o.a.catalina.core.StandardEngine - Starting Servlet engine: [Apache Tomcat/11.0.18]
2026-04-07 15:04:18.412 [main] INFO  o.s.b.w.c.s.WebApplicationContextInitializer - Root WebApplicationContext: initialization completed in 581 ms
2026-04-07 15:04:18.715 [main] INFO  o.s.o.j.p.SpringPersistenceUnitInfo - No LoadTimeWeaver setup: ignoring JPA class transformer
2026-04-07 15:04:18.730 [main] INFO  com.zaxxer.hikari.HikariDataSource - HikariPool-1 - Starting...
2026-04-07 15:04:18.767 [main] INFO  com.zaxxer.hikari.pool.HikariPool - HikariPool-1 - Added connection org.postgresql.jdbc.PgConnection@227b9277
2026-04-07 15:04:18.768 [main] INFO  com.zaxxer.hikari.HikariDataSource - HikariPool-1 - Start completed.
2026-04-07 15:04:18.968 [main] INFO  o.s.o.j.LocalContainerEntityManagerFactoryBean - Initialized JPA EntityManagerFactory for persistence unit 'default'
2026-04-07 15:04:19.009 [main] INFO  o.s.d.j.r.q.QueryEnhancerFactories - Hibernate is in classpath; If applicable, HQL parser will be used.
2026-04-07 15:04:19.329 [main] INFO  o.s.o.j.LocalContainerEntityManagerFactoryBean - Initialized JPA EntityManagerFactory for persistence unit 'default'
2026-04-07 15:04:19.375 [main] INFO  o.s.d.j.r.q.QueryEnhancerFactories - Hibernate is in classpath; If applicable, HQL parser will be used.
2026-04-07 15:04:19.731 [main] WARN  o.s.b.j.a.JpaBaseConfiguration$JpaWebConfiguration - spring.jpa.open-in-view is enabled by default. Therefore, database queries may be performed during view rendering. Explicitly configure spring.jpa.open-in-view to disable this warning
2026-04-07 15:04:19.900 [main] DEBUG o.s.jdbc.datasource.init.ScriptUtils - Executing SQL script from class path resource [data.sql]
2026-04-07 15:04:19.905 [main] DEBUG o.s.jdbc.datasource.init.ScriptUtils - 0 returned as update count for SQL: TRUNCATE reminders, task_categories, tasks, projects, users RESTART IDENTITY CASCADE
2026-04-07 15:04:19.907 [main] DEBUG o.s.jdbc.datasource.init.ScriptUtils - 2 returned as update count for SQL: INSERT INTO users (username, email, password) VALUES ('daniil_developer', 'daniil@bsuir.by', 'password_123'), ('PEPE', 'fa@bsuir.by', 'cocohne')
2026-04-07 15:04:19.908 [main] DEBUG o.s.jdbc.datasource.init.ScriptUtils - 4 returned as update count for SQL: INSERT INTO projects (name, description, user_id) VALUES ('Программа-аналог fdupes', 'Курсач по ОСиСП', 1), ('Arch Linux Configs', 'Мои дотфайлы для Hyprland и Waybar', 1), ('Note API', 'Учебный REST API для заметок', 2), ('CI Scripts', 'Скрипты для автоматизации сборки', 2)
2026-04-07 15:04:19.909 [main] DEBUG o.s.jdbc.datasource.init.ScriptUtils - 8 returned as update count for SQL: INSERT INTO tasks (title, description, completed, due_date, project_id) VALUES ('Дописать код', '', null, '2026-03-10 10:00:00', 1), ('Исправить отчет', 'Доделать обзор литературы и листиннг кода', null, '2026-03-15 12:00:00', 1), ('Fix Waybar', 'Поправить отображение заряда батареи', null, '2026-03-01 15:00:00', 2), ('Собрать билд', 'Проверить сборку проекта', '2026-03-05 18:00:00', '2026-03-04 10:30:00', 2), ('Сделать эндпоинты', 'CRUD для заметок', null, '2026-03-20 09:00:00', 3), ('Добавить пагинацию', 'Pageable для списка заметок', '2026-03-21 12:00:00', '2026-03-19 17:15:00', 3), ('Настроить CI', 'GitHub Actions workflow', null, '2026-03-25 14:00:00', 4), ('Починить тесты', 'Падает интеграционный тест', null, '2026-03-22 11:00:00', 4)
2026-04-07 15:04:19.911 [main] DEBUG o.s.jdbc.datasource.init.ScriptUtils - 5 returned as update count for SQL: INSERT INTO categories (title) VALUES ('Backend'), ('Linux'), ('University'), ('Frontend'), ('DevOps')
2026-04-07 15:04:19.912 [main] DEBUG o.s.jdbc.datasource.init.ScriptUtils - 9 returned as update count for SQL: INSERT INTO task_categories (task_id, category_id) VALUES (1, 1), (1, 3), (3, 2), (4, 2), (5, 1), (6, 1), (6, 4), (7, 5), (8, 5)
2026-04-07 15:04:19.913 [main] DEBUG o.s.jdbc.datasource.init.ScriptUtils - 4 returned as update count for SQL: INSERT INTO reminders (time, message, task_id) VALUES ('2026-03-14 10:00:00', 'Повторить теорию по Hibernate', 1), ('2026-03-09 09:00:00', 'Проверить конфиг sway', 3), ('2026-03-18 08:30:00', 'Подготовить демо для API', 5), ('2026-03-23 16:00:00', 'Проверить логи CI', 7)
2026-04-07 15:04:19.913 [main] DEBUG o.s.jdbc.datasource.init.ScriptUtils - Executed SQL script from class path resource [data.sql] in 13 ms.
2026-04-07 15:04:19.937 [main] INFO  o.a.coyote.http11.Http11NioProtocol - Starting ProtocolHandler ["http-nio-8080"]
2026-04-07 15:04:19.945 [main] INFO  o.s.boot.tomcat.TomcatWebServer - Tomcat started on port 8080 (http) with context path '/'
2026-04-07 15:04:19.949 [main] INFO  d.n.notebook.NotebookApplication - Started NotebookApplication in 3.484 seconds (process running for 3.981)
2026-04-07 15:04:20.023 [main] WARN  o.s.b.j.a.JpaBaseConfiguration$JpaWebConfiguration - spring.jpa.open-in-view is enabled by default. Therefore, database queries may be performed during view rendering. Explicitly configure spring.jpa.open-in-view to disable this warning
2026-04-07 15:04:20.175 [main] DEBUG o.s.jdbc.datasource.init.ScriptUtils - Executing SQL script from class path resource [data.sql]
2026-04-07 15:04:20.180 [main] DEBUG o.s.jdbc.datasource.init.ScriptUtils - 0 returned as update count for SQL: TRUNCATE reminders, task_categories, tasks, projects, users RESTART IDENTITY CASCADE
2026-04-07 15:04:20.181 [main] DEBUG o.s.jdbc.datasource.init.ScriptUtils - 2 returned as update count for SQL: INSERT INTO users (username, email, password) VALUES ('daniil_developer', 'daniil@bsuir.by', 'password_123'), ('PEPE', 'fa@bsuir.by', 'cocohne')
2026-04-07 15:04:20.182 [main] DEBUG o.s.jdbc.datasource.init.ScriptUtils - 4 returned as update count for SQL: INSERT INTO projects (name, description, user_id) VALUES ('Программа-аналог fdupes', 'Курсач по ОСиСП', 1), ('Arch Linux Configs', 'Мои дотфайлы для Hyprland и Waybar', 1), ('Note API', 'Учебный REST API для заметок', 2), ('CI Scripts', 'Скрипты для автоматизации сборки', 2)
2026-04-07 15:04:20.184 [main] DEBUG o.s.jdbc.datasource.init.ScriptUtils - 8 returned as update count for SQL: INSERT INTO tasks (title, description, completed, due_date, project_id) VALUES ('Дописать код', '', null, '2026-03-10 10:00:00', 1), ('Исправить отчет', 'Доделать обзор литературы и листиннг кода', null, '2026-03-15 12:00:00', 1), ('Fix Waybar', 'Поправить отображение заряда батареи', null, '2026-03-01 15:00:00', 2), ('Собрать билд', 'Проверить сборку проекта', '2026-03-05 18:00:00', '2026-03-04 10:30:00', 2), ('Сделать эндпоинты', 'CRUD для заметок', null, '2026-03-20 09:00:00', 3), ('Добавить пагинацию', 'Pageable для списка заметок', '2026-03-21 12:00:00', '2026-03-19 17:15:00', 3), ('Настроить CI', 'GitHub Actions workflow', null, '2026-03-25 14:00:00', 4), ('Починить тесты', 'Падает интеграционный тест', null, '2026-03-22 11:00:00', 4)
2026-04-07 15:04:20.185 [main] DEBUG o.s.jdbc.datasource.init.ScriptUtils - 5 returned as update count for SQL: INSERT INTO categories (title) VALUES ('Backend'), ('Linux'), ('University'), ('Frontend'), ('DevOps')
2026-04-07 15:04:20.186 [main] DEBUG o.s.jdbc.datasource.init.ScriptUtils - 9 returned as update count for SQL: INSERT INTO task_categories (task_id, category_id) VALUES (1, 1), (1, 3), (3, 2), (4, 2), (5, 1), (6, 1), (6, 4), (7, 5), (8, 5)
2026-04-07 15:04:20.187 [main] DEBUG o.s.jdbc.datasource.init.ScriptUtils - 4 returned as update count for SQL: INSERT INTO reminders (time, message, task_id) VALUES ('2026-03-14 10:00:00', 'Повторить теорию по Hibernate', 1), ('2026-03-09 09:00:00', 'Проверить конфиг sway', 3), ('2026-03-18 08:30:00', 'Подготовить демо для API', 5), ('2026-03-23 16:00:00', 'Проверить логи CI', 7)
2026-04-07 15:04:20.187 [main] DEBUG o.s.jdbc.datasource.init.ScriptUtils - Executed SQL script from class path resource [data.sql] in 12 ms.
2026-04-07 15:04:20.205 [main] INFO  o.a.coyote.http11.Http11NioProtocol - Starting ProtocolHandler ["http-nio-8080"]
2026-04-07 15:04:20.208 [main] WARN  o.s.b.w.s.s.c.AnnotationConfigServletWebServerApplicationContext - Exception encountered during context initialization - cancelling refresh attempt: org.springframework.context.ApplicationContextException: Failed to start bean 'webServerStartStop'
2026-04-07 15:04:20.209 [main] INFO  o.s.o.j.LocalContainerEntityManagerFactoryBean - Closing JPA EntityManagerFactory for persistence unit 'default'
2026-04-07 15:04:20.210 [main] INFO  com.zaxxer.hikari.HikariDataSource - HikariPool-1 - Shutdown initiated...
2026-04-07 15:04:20.211 [main] INFO  com.zaxxer.hikari.HikariDataSource - HikariPool-1 - Shutdown completed.
2026-04-07 15:04:20.217 [main] INFO  o.s.b.a.l.ConditionEvaluationReportLogger - 

Error starting ApplicationContext. To display the condition evaluation report re-run your application with 'debug' enabled.
2026-04-07 15:04:20.223 [main] ERROR o.s.b.d.LoggingFailureAnalysisReporter - 

***************************
APPLICATION FAILED TO START
***************************

Description:

Web server failed to start. Port 8080 was already in use.

Action:

Identify and stop the process that's listening on port 8080 or configure this application to listen on another port.

2026-04-07 22:58:34.490 [SpringApplicationShutdownHook] INFO  o.s.boot.tomcat.GracefulShutdown - Commencing graceful shutdown. Waiting for active requests to complete
2026-04-07 22:58:34.493 [tomcat-shutdown] INFO  o.s.boot.tomcat.GracefulShutdown - Graceful shutdown complete
2026-04-07 22:58:34.497 [SpringApplicationShutdownHook] INFO  o.s.o.j.LocalContainerEntityManagerFactoryBean - Closing JPA EntityManagerFactory for persistence unit 'default'
2026-04-07 22:58:34.499 [SpringApplicationShutdownHook] INFO  com.zaxxer.hikari.HikariDataSource - HikariPool-1 - Shutdown initiated...
2026-04-07 22:58:34.502 [SpringApplicationShutdownHook] INFO  com.zaxxer.hikari.HikariDataSource - HikariPool-1 - Shutdown completed.
